<?xml version="1.0" encoding="UTF-8"?>
<testsuite name="ru.stqa.pft.addressbook.tests.ContactAddressBookCreationTests" tests="4" skipped="0" failures="0" errors="0" timestamp="2020-10-05T04:41:19" hostname="ADEMIDIONOK-LT" time="28.396">
  <properties/>
  <testcase name="testContactAddressBookCreation[0](ContactAddressBookRecordData{id=2147483647, firstName='First Name 0', lastName='Last Name 0'})" classname="ru.stqa.pft.addressbook.tests.ContactAddressBookCreationTests" time="6.643"/>
  <testcase name="testContactAddressBookCreation[1](ContactAddressBookRecordData{id=2147483647, firstName='First Name 1', lastName='Last Name 1'})" classname="ru.stqa.pft.addressbook.tests.ContactAddressBookCreationTests" time="7.614"/>
  <testcase name="testContactAddressBookCreation[2](ContactAddressBookRecordData{id=2147483647, firstName='First Name 2', lastName='Last Name 2'})" classname="ru.stqa.pft.addressbook.tests.ContactAddressBookCreationTests" time="7.257"/>
  <testcase name="testContactBadAddressBookCreation" classname="ru.stqa.pft.addressbook.tests.ContactAddressBookCreationTests" time="6.876"/>
  <system-out><![CDATA[22:41:19.566 [Test worker] INFO  r.s.pft.addressbook.tests.TestBase - Start test testContactAddressBookCreation with parameters [ContactAddressBookRecordData{id=2147483647, firstName='First Name 0', lastName='Last Name 0'}]
Hibernate: select contactadd0_.id as id1_0_, contactadd0_.address as address2_0_, contactadd0_.address2 as address3_0_, contactadd0_.amonth as amonth4_0_, contactadd0_.ayear as ayear5_0_, contactadd0_.bmonth as bmonth6_0_, contactadd0_.byear as byear7_0_, contactadd0_.company as company8_0_, contactadd0_.email as email9_0_, contactadd0_.email2 as email10_0_, contactadd0_.email3 as email11_0_, contactadd0_.fax as fax12_0_, contactadd0_.firstName as firstna13_0_, contactadd0_.home as home14_0_, contactadd0_.homepage as homepag15_0_, contactadd0_.lastName as lastnam16_0_, contactadd0_.middleName as middlen17_0_, contactadd0_.mobile as mobile18_0_, contactadd0_.nickname as nicknam19_0_, contactadd0_.notes as notes20_0_, contactadd0_.phone2 as phone21_0_, contactadd0_.photo as photo22_0_, contactadd0_.title as title23_0_, contactadd0_.work as work24_0_ from addressbook contactadd0_
Hibernate: select contactadd0_.id as id1_0_, contactadd0_.address as address2_0_, contactadd0_.address2 as address3_0_, contactadd0_.amonth as amonth4_0_, contactadd0_.ayear as ayear5_0_, contactadd0_.bmonth as bmonth6_0_, contactadd0_.byear as byear7_0_, contactadd0_.company as company8_0_, contactadd0_.email as email9_0_, contactadd0_.email2 as email10_0_, contactadd0_.email3 as email11_0_, contactadd0_.fax as fax12_0_, contactadd0_.firstName as firstna13_0_, contactadd0_.home as home14_0_, contactadd0_.homepage as homepag15_0_, contactadd0_.lastName as lastnam16_0_, contactadd0_.middleName as middlen17_0_, contactadd0_.mobile as mobile18_0_, contactadd0_.nickname as nicknam19_0_, contactadd0_.notes as notes20_0_, contactadd0_.phone2 as phone21_0_, contactadd0_.photo as photo22_0_, contactadd0_.title as title23_0_, contactadd0_.work as work24_0_ from addressbook contactadd0_
Hibernate: select contactadd0_.id as id1_0_, contactadd0_.address as address2_0_, contactadd0_.address2 as address3_0_, contactadd0_.amonth as amonth4_0_, contactadd0_.ayear as ayear5_0_, contactadd0_.bmonth as bmonth6_0_, contactadd0_.byear as byear7_0_, contactadd0_.company as company8_0_, contactadd0_.email as email9_0_, contactadd0_.email2 as email10_0_, contactadd0_.email3 as email11_0_, contactadd0_.fax as fax12_0_, contactadd0_.firstName as firstna13_0_, contactadd0_.home as home14_0_, contactadd0_.homepage as homepag15_0_, contactadd0_.lastName as lastnam16_0_, contactadd0_.middleName as middlen17_0_, contactadd0_.mobile as mobile18_0_, contactadd0_.nickname as nicknam19_0_, contactadd0_.notes as notes20_0_, contactadd0_.phone2 as phone21_0_, contactadd0_.photo as photo22_0_, contactadd0_.title as title23_0_, contactadd0_.work as work24_0_ from addressbook contactadd0_
Hibernate: select contactadd0_.id as id1_0_, contactadd0_.address as address2_0_, contactadd0_.address2 as address3_0_, contactadd0_.amonth as amonth4_0_, contactadd0_.ayear as ayear5_0_, contactadd0_.bmonth as bmonth6_0_, contactadd0_.byear as byear7_0_, contactadd0_.company as company8_0_, contactadd0_.email as email9_0_, contactadd0_.email2 as email10_0_, contactadd0_.email3 as email11_0_, contactadd0_.fax as fax12_0_, contactadd0_.firstName as firstna13_0_, contactadd0_.home as home14_0_, contactadd0_.homepage as homepag15_0_, contactadd0_.lastName as lastnam16_0_, contactadd0_.middleName as middlen17_0_, contactadd0_.mobile as mobile18_0_, contactadd0_.nickname as nicknam19_0_, contactadd0_.notes as notes20_0_, contactadd0_.phone2 as phone21_0_, contactadd0_.photo as photo22_0_, contactadd0_.title as title23_0_, contactadd0_.work as work24_0_ from addressbook contactadd0_
22:41:26.214 [Test worker] INFO  r.s.pft.addressbook.tests.TestBase - Stop test testContactAddressBookCreation
22:41:26.215 [Test worker] INFO  r.s.pft.addressbook.tests.TestBase - Start test testContactAddressBookCreation with parameters [ContactAddressBookRecordData{id=2147483647, firstName='First Name 1', lastName='Last Name 1'}]
Hibernate: select contactadd0_.id as id1_0_, contactadd0_.address as address2_0_, contactadd0_.address2 as address3_0_, contactadd0_.amonth as amonth4_0_, contactadd0_.ayear as ayear5_0_, contactadd0_.bmonth as bmonth6_0_, contactadd0_.byear as byear7_0_, contactadd0_.company as company8_0_, contactadd0_.email as email9_0_, contactadd0_.email2 as email10_0_, contactadd0_.email3 as email11_0_, contactadd0_.fax as fax12_0_, contactadd0_.firstName as firstna13_0_, contactadd0_.home as home14_0_, contactadd0_.homepage as homepag15_0_, contactadd0_.lastName as lastnam16_0_, contactadd0_.middleName as middlen17_0_, contactadd0_.mobile as mobile18_0_, contactadd0_.nickname as nicknam19_0_, contactadd0_.notes as notes20_0_, contactadd0_.phone2 as phone21_0_, contactadd0_.photo as photo22_0_, contactadd0_.title as title23_0_, contactadd0_.work as work24_0_ from addressbook contactadd0_
Hibernate: select contactadd0_.id as id1_0_, contactadd0_.address as address2_0_, contactadd0_.address2 as address3_0_, contactadd0_.amonth as amonth4_0_, contactadd0_.ayear as ayear5_0_, contactadd0_.bmonth as bmonth6_0_, contactadd0_.byear as byear7_0_, contactadd0_.company as company8_0_, contactadd0_.email as email9_0_, contactadd0_.email2 as email10_0_, contactadd0_.email3 as email11_0_, contactadd0_.fax as fax12_0_, contactadd0_.firstName as firstna13_0_, contactadd0_.home as home14_0_, contactadd0_.homepage as homepag15_0_, contactadd0_.lastName as lastnam16_0_, contactadd0_.middleName as middlen17_0_, contactadd0_.mobile as mobile18_0_, contactadd0_.nickname as nicknam19_0_, contactadd0_.notes as notes20_0_, contactadd0_.phone2 as phone21_0_, contactadd0_.photo as photo22_0_, contactadd0_.title as title23_0_, contactadd0_.work as work24_0_ from addressbook contactadd0_
Hibernate: select contactadd0_.id as id1_0_, contactadd0_.address as address2_0_, contactadd0_.address2 as address3_0_, contactadd0_.amonth as amonth4_0_, contactadd0_.ayear as ayear5_0_, contactadd0_.bmonth as bmonth6_0_, contactadd0_.byear as byear7_0_, contactadd0_.company as company8_0_, contactadd0_.email as email9_0_, contactadd0_.email2 as email10_0_, contactadd0_.email3 as email11_0_, contactadd0_.fax as fax12_0_, contactadd0_.firstName as firstna13_0_, contactadd0_.home as home14_0_, contactadd0_.homepage as homepag15_0_, contactadd0_.lastName as lastnam16_0_, contactadd0_.middleName as middlen17_0_, contactadd0_.mobile as mobile18_0_, contactadd0_.nickname as nicknam19_0_, contactadd0_.notes as notes20_0_, contactadd0_.phone2 as phone21_0_, contactadd0_.photo as photo22_0_, contactadd0_.title as title23_0_, contactadd0_.work as work24_0_ from addressbook contactadd0_
Hibernate: select contactadd0_.id as id1_0_, contactadd0_.address as address2_0_, contactadd0_.address2 as address3_0_, contactadd0_.amonth as amonth4_0_, contactadd0_.ayear as ayear5_0_, contactadd0_.bmonth as bmonth6_0_, contactadd0_.byear as byear7_0_, contactadd0_.company as company8_0_, contactadd0_.email as email9_0_, contactadd0_.email2 as email10_0_, contactadd0_.email3 as email11_0_, contactadd0_.fax as fax12_0_, contactadd0_.firstName as firstna13_0_, contactadd0_.home as home14_0_, contactadd0_.homepage as homepag15_0_, contactadd0_.lastName as lastnam16_0_, contactadd0_.middleName as middlen17_0_, contactadd0_.mobile as mobile18_0_, contactadd0_.nickname as nicknam19_0_, contactadd0_.notes as notes20_0_, contactadd0_.phone2 as phone21_0_, contactadd0_.photo as photo22_0_, contactadd0_.title as title23_0_, contactadd0_.work as work24_0_ from addressbook contactadd0_
22:41:33.829 [Test worker] INFO  r.s.pft.addressbook.tests.TestBase - Stop test testContactAddressBookCreation
22:41:33.830 [Test worker] INFO  r.s.pft.addressbook.tests.TestBase - Start test testContactAddressBookCreation with parameters [ContactAddressBookRecordData{id=2147483647, firstName='First Name 2', lastName='Last Name 2'}]
Hibernate: select contactadd0_.id as id1_0_, contactadd0_.address as address2_0_, contactadd0_.address2 as address3_0_, contactadd0_.amonth as amonth4_0_, contactadd0_.ayear as ayear5_0_, contactadd0_.bmonth as bmonth6_0_, contactadd0_.byear as byear7_0_, contactadd0_.company as company8_0_, contactadd0_.email as email9_0_, contactadd0_.email2 as email10_0_, contactadd0_.email3 as email11_0_, contactadd0_.fax as fax12_0_, contactadd0_.firstName as firstna13_0_, contactadd0_.home as home14_0_, contactadd0_.homepage as homepag15_0_, contactadd0_.lastName as lastnam16_0_, contactadd0_.middleName as middlen17_0_, contactadd0_.mobile as mobile18_0_, contactadd0_.nickname as nicknam19_0_, contactadd0_.notes as notes20_0_, contactadd0_.phone2 as phone21_0_, contactadd0_.photo as photo22_0_, contactadd0_.title as title23_0_, contactadd0_.work as work24_0_ from addressbook contactadd0_
Hibernate: select contactadd0_.id as id1_0_, contactadd0_.address as address2_0_, contactadd0_.address2 as address3_0_, contactadd0_.amonth as amonth4_0_, contactadd0_.ayear as ayear5_0_, contactadd0_.bmonth as bmonth6_0_, contactadd0_.byear as byear7_0_, contactadd0_.company as company8_0_, contactadd0_.email as email9_0_, contactadd0_.email2 as email10_0_, contactadd0_.email3 as email11_0_, contactadd0_.fax as fax12_0_, contactadd0_.firstName as firstna13_0_, contactadd0_.home as home14_0_, contactadd0_.homepage as homepag15_0_, contactadd0_.lastName as lastnam16_0_, contactadd0_.middleName as middlen17_0_, contactadd0_.mobile as mobile18_0_, contactadd0_.nickname as nicknam19_0_, contactadd0_.notes as notes20_0_, contactadd0_.phone2 as phone21_0_, contactadd0_.photo as photo22_0_, contactadd0_.title as title23_0_, contactadd0_.work as work24_0_ from addressbook contactadd0_
Hibernate: select contactadd0_.id as id1_0_, contactadd0_.address as address2_0_, contactadd0_.address2 as address3_0_, contactadd0_.amonth as amonth4_0_, contactadd0_.ayear as ayear5_0_, contactadd0_.bmonth as bmonth6_0_, contactadd0_.byear as byear7_0_, contactadd0_.company as company8_0_, contactadd0_.email as email9_0_, contactadd0_.email2 as email10_0_, contactadd0_.email3 as email11_0_, contactadd0_.fax as fax12_0_, contactadd0_.firstName as firstna13_0_, contactadd0_.home as home14_0_, contactadd0_.homepage as homepag15_0_, contactadd0_.lastName as lastnam16_0_, contactadd0_.middleName as middlen17_0_, contactadd0_.mobile as mobile18_0_, contactadd0_.nickname as nicknam19_0_, contactadd0_.notes as notes20_0_, contactadd0_.phone2 as phone21_0_, contactadd0_.photo as photo22_0_, contactadd0_.title as title23_0_, contactadd0_.work as work24_0_ from addressbook contactadd0_
Hibernate: select contactadd0_.id as id1_0_, contactadd0_.address as address2_0_, contactadd0_.address2 as address3_0_, contactadd0_.amonth as amonth4_0_, contactadd0_.ayear as ayear5_0_, contactadd0_.bmonth as bmonth6_0_, contactadd0_.byear as byear7_0_, contactadd0_.company as company8_0_, contactadd0_.email as email9_0_, contactadd0_.email2 as email10_0_, contactadd0_.email3 as email11_0_, contactadd0_.fax as fax12_0_, contactadd0_.firstName as firstna13_0_, contactadd0_.home as home14_0_, contactadd0_.homepage as homepag15_0_, contactadd0_.lastName as lastnam16_0_, contactadd0_.middleName as middlen17_0_, contactadd0_.mobile as mobile18_0_, contactadd0_.nickname as nicknam19_0_, contactadd0_.notes as notes20_0_, contactadd0_.phone2 as phone21_0_, contactadd0_.photo as photo22_0_, contactadd0_.title as title23_0_, contactadd0_.work as work24_0_ from addressbook contactadd0_
22:41:41.088 [Test worker] INFO  r.s.pft.addressbook.tests.TestBase - Stop test testContactAddressBookCreation
22:41:41.089 [Test worker] INFO  r.s.pft.addressbook.tests.TestBase - Start test testContactBadAddressBookCreation with parameters []
Hibernate: select contactadd0_.id as id1_0_, contactadd0_.address as address2_0_, contactadd0_.address2 as address3_0_, contactadd0_.amonth as amonth4_0_, contactadd0_.ayear as ayear5_0_, contactadd0_.bmonth as bmonth6_0_, contactadd0_.byear as byear7_0_, contactadd0_.company as company8_0_, contactadd0_.email as email9_0_, contactadd0_.email2 as email10_0_, contactadd0_.email3 as email11_0_, contactadd0_.fax as fax12_0_, contactadd0_.firstName as firstna13_0_, contactadd0_.home as home14_0_, contactadd0_.homepage as homepag15_0_, contactadd0_.lastName as lastnam16_0_, contactadd0_.middleName as middlen17_0_, contactadd0_.mobile as mobile18_0_, contactadd0_.nickname as nicknam19_0_, contactadd0_.notes as notes20_0_, contactadd0_.phone2 as phone21_0_, contactadd0_.photo as photo22_0_, contactadd0_.title as title23_0_, contactadd0_.work as work24_0_ from addressbook contactadd0_
Hibernate: select contactadd0_.id as id1_0_, contactadd0_.address as address2_0_, contactadd0_.address2 as address3_0_, contactadd0_.amonth as amonth4_0_, contactadd0_.ayear as ayear5_0_, contactadd0_.bmonth as bmonth6_0_, contactadd0_.byear as byear7_0_, contactadd0_.company as company8_0_, contactadd0_.email as email9_0_, contactadd0_.email2 as email10_0_, contactadd0_.email3 as email11_0_, contactadd0_.fax as fax12_0_, contactadd0_.firstName as firstna13_0_, contactadd0_.home as home14_0_, contactadd0_.homepage as homepag15_0_, contactadd0_.lastName as lastnam16_0_, contactadd0_.middleName as middlen17_0_, contactadd0_.mobile as mobile18_0_, contactadd0_.nickname as nicknam19_0_, contactadd0_.notes as notes20_0_, contactadd0_.phone2 as phone21_0_, contactadd0_.photo as photo22_0_, contactadd0_.title as title23_0_, contactadd0_.work as work24_0_ from addressbook contactadd0_
Hibernate: select contactadd0_.id as id1_0_, contactadd0_.address as address2_0_, contactadd0_.address2 as address3_0_, contactadd0_.amonth as amonth4_0_, contactadd0_.ayear as ayear5_0_, contactadd0_.bmonth as bmonth6_0_, contactadd0_.byear as byear7_0_, contactadd0_.company as company8_0_, contactadd0_.email as email9_0_, contactadd0_.email2 as email10_0_, contactadd0_.email3 as email11_0_, contactadd0_.fax as fax12_0_, contactadd0_.firstName as firstna13_0_, contactadd0_.home as home14_0_, contactadd0_.homepage as homepag15_0_, contactadd0_.lastName as lastnam16_0_, contactadd0_.middleName as middlen17_0_, contactadd0_.mobile as mobile18_0_, contactadd0_.nickname as nicknam19_0_, contactadd0_.notes as notes20_0_, contactadd0_.phone2 as phone21_0_, contactadd0_.photo as photo22_0_, contactadd0_.title as title23_0_, contactadd0_.work as work24_0_ from addressbook contactadd0_
Hibernate: select contactadd0_.id as id1_0_, contactadd0_.address as address2_0_, contactadd0_.address2 as address3_0_, contactadd0_.amonth as amonth4_0_, contactadd0_.ayear as ayear5_0_, contactadd0_.bmonth as bmonth6_0_, contactadd0_.byear as byear7_0_, contactadd0_.company as company8_0_, contactadd0_.email as email9_0_, contactadd0_.email2 as email10_0_, contactadd0_.email3 as email11_0_, contactadd0_.fax as fax12_0_, contactadd0_.firstName as firstna13_0_, contactadd0_.home as home14_0_, contactadd0_.homepage as homepag15_0_, contactadd0_.lastName as lastnam16_0_, contactadd0_.middleName as middlen17_0_, contactadd0_.mobile as mobile18_0_, contactadd0_.nickname as nicknam19_0_, contactadd0_.notes as notes20_0_, contactadd0_.phone2 as phone21_0_, contactadd0_.photo as photo22_0_, contactadd0_.title as title23_0_, contactadd0_.work as work24_0_ from addressbook contactadd0_
22:41:47.965 [Test worker] INFO  r.s.pft.addressbook.tests.TestBase - Stop test testContactBadAddressBookCreation
]]></system-out>
  <system-err><![CDATA[]]></system-err>
</testsuite>
