<?xml version="1.0" encoding="UTF-8"?>
<testsuite name="ru.stqa.pft.addressbook.tests.ContactAddressBookDeletionTests" tests="1" skipped="0" failures="0" errors="0" timestamp="2020-10-01T01:05:21" hostname="ADEMIDIONOK-LT" time="5.811">
  <properties/>
  <testcase name="testContactAddressBookDeletion" classname="ru.stqa.pft.addressbook.tests.ContactAddressBookDeletionTests" time="5.811"/>
  <system-out><![CDATA[]]></system-out>
  <system-err><![CDATA[]]></system-err>
</testsuite>
