<?xml version="1.0" encoding="UTF-8"?>
<testsuite name="ru.stqa.pft.rest.RestAssuredHWTests" tests="1" skipped="1" failures="0" errors="0" timestamp="2020-10-22T19:43:14" hostname="ADEMIDIONOK-LT" time="17.514">
  <properties/>
  <testcase name="testTestExecutionWithNoTResolvedIssue" classname="ru.stqa.pft.rest.RestAssuredHWTests" time="17.514">
    <skipped/>
  </testcase>
  <system-out><![CDATA[]]></system-out>
  <system-err><![CDATA[]]></system-err>
</testsuite>
